[2026-04-17T00:03:36.274609+00:00] tecnofit-app.INFO: Endpoint accessed {"URI":"/movements/deadlift","Method":"GET"} []
[2026-04-17T00:03:48.004745+00:00] tecnofit-app.INFO: Endpoint accessed {"URI":"/movements/deadlift","Method":"GET"} []
[2026-04-17T00:03:51.613081+00:00] tecnofit-app.INFO: Endpoint accessed {"URI":"/movements/2","Method":"GET"} []
[2026-04-17T00:05:48.180452+00:00] tecnofit-app.INFO: Endpoint accessed {"URI":"/movements/2","Method":"GET"} []
[2026-04-17T00:05:48.317388+00:00] tecnofit-app.ERROR: App\Core\Log::info(): Argument #2 ($data) must be of type array, string given, called in /var/www/src/Routes/Router.php on line 63 {"trace":"#0 /var/www/src/Routes/Router.php(63): App\\Core\\Log::info('Response return...', '{\"status\":200,\"...')\n#1 /var/www/src/index.php(31): App\\Routes\\Router->find('/movements/2', 'GET')\n#2 {main}"} []
[2026-04-17T00:06:18.298483+00:00] tecnofit-app.INFO: Endpoint accessed {"URI":"/movements/2","Method":"GET"} []
[2026-04-17T00:06:18.531094+00:00] tecnofit-app.INFO: Response returned {"response":"{\"status\":200,\"data\":[{\"name\":\"Joao\",\"highest_value\":130,\"position\":1,\"date\":\"2021-01-03 00:00:00\"},{\"name\":\"Jose\",\"highest_value\":130,\"position\":1,\"date\":\"2021-01-03 00:00:00\"},{\"name\":\"Paulo\",\"highest_value\":125,\"position\":2,\"date\":\"2021-01-03 00:00:00\"}]}"} []
[2026-04-17T00:06:38.007526+00:00] tecnofit-app.INFO: Endpoint accessed {"URI":"/movements/2","Method":"GET"} []
[2026-04-17T00:06:38.233671+00:00] tecnofit-app.ERROR: SQLSTATE[HY000] [1045] Access denied for user 'tecnofit_user'@'172.18.0.3' (using password: YES) {"trace":"#0 /var/www/src/Config/DatabaseConnection.php(22): PDO->__construct('mysql:host=db;d...', 'tecnofit_user', Object(SensitiveParameterValue))\n#1 /var/www/src/Core/BaseModel.php(20): App\\Config\\DatabaseConnection::getConnection()\n#2 /var/www/src/Core/BaseModel.php(28): App\\Core\\BaseModel::connection()\n#3 /var/www/src/Core/BaseModel.php(41): App\\Core\\BaseModel::find(2)\n#4 /var/www/src/Controllers/v1/MovementController.php(31): App\\Core\\BaseModel::findOrFail(2)\n#5 /var/www/src/Routes/Router.php(61): App\\Controllers\\v1\\MovementController::getRanking('2')\n#6 /var/www/src/index.php(31): App\\Routes\\Router->find('/movements/2', 'GET')\n#7 {main}"} []
[2026-04-17T00:14:12.401727+00:00] tecnofit-app.INFO: Endpoint accessed {"URI":"/movements/2","Method":"GET"} []
[2026-04-17T00:14:16.033299+00:00] tecnofit-app.INFO: Endpoint accessed {"URI":"/v1/movements/2","Method":"GET"} []
[2026-04-17T00:14:16.275242+00:00] tecnofit-app.INFO: Response returned {"response":"{\"status\":200,\"data\":[{\"name\":\"Joao\",\"highest_value\":130,\"position\":1,\"date\":\"2021-01-03 00:00:00\"},{\"name\":\"Jose\",\"highest_value\":130,\"position\":1,\"date\":\"2021-01-03 00:00:00\"},{\"name\":\"Paulo\",\"highest_value\":125,\"position\":2,\"date\":\"2021-01-03 00:00:00\"}]}"} []
[2026-04-17T00:14:20.930944+00:00] tecnofit-app.INFO: Endpoint accessed {"URI":"/","Method":"GET"} []
[2026-04-17T00:15:42.598772+00:00] tecnofit-app.INFO: Endpoint accessed {"URI":"/","Method":"GET"} []
[2026-04-17T00:16:15.612360+00:00] tecnofit-app.INFO: Endpoint accessed {"URI":"/","Method":"GET"} []
[2026-04-17T00:24:58.324734+00:00] tecnofit-app.INFO: Endpoint accessed {"URI":"/","Method":"GET"} []
[2026-04-17T00:24:58.471531+00:00] tecnofit-app.ERROR: Failed opening required '/var/www/src/routes/swagger.php' (include_path='.:/usr/local/lib/php') {"trace":"#0 /var/www/src/Routes/Router.php(61): {closure:/var/www/src/routes/paths.php:10}()\n#1 /var/www/src/index.php(31): App\\Routes\\Router->find('/', 'GET')\n#2 {main}"} []
[2026-04-17T00:25:33.679415+00:00] tecnofit-app.INFO: Endpoint accessed {"URI":"/","Method":"GET"} []
[2026-04-17T00:25:33.871275+00:00] tecnofit-app.INFO: Response returned {"response":null} []
[2026-04-17T00:25:35.864507+00:00] tecnofit-app.INFO: Endpoint accessed {"URI":"/openapi.json","Method":"GET"} []
[2026-04-17T00:28:09.414218+00:00] tecnofit-app.INFO: Endpoint accessed {"URI":"/","Method":"GET"} []
[2026-04-17T00:28:09.559558+00:00] tecnofit-app.INFO: Response returned {"response":null} []
[2026-04-17T00:28:10.394290+00:00] tecnofit-app.INFO: Endpoint accessed {"URI":"/openapi.json","Method":"GET"} []
[2026-04-17T00:28:51.954295+00:00] tecnofit-app.INFO: Endpoint accessed {"URI":"/","Method":"GET"} []
[2026-04-17T00:28:52.031598+00:00] tecnofit-app.INFO: Response returned {"response":null} []
[2026-04-17T00:28:52.823911+00:00] tecnofit-app.INFO: Endpoint accessed {"URI":"/openapi.json","Method":"GET"} []
[2026-04-17T00:28:52.888212+00:00] tecnofit-app.INFO: Response returned {"response":null} []
[2026-04-17T00:29:08.455985+00:00] tecnofit-app.INFO: Endpoint accessed {"URI":"/movements/%7Bid%7D","Method":"GET"} []
[2026-04-17T00:33:32.405981+00:00] tecnofit-app.INFO: Endpoint accessed {"URI":"/","Method":"GET"} []
[2026-04-17T00:33:32.597386+00:00] tecnofit-app.INFO: Response returned {"response":null} []
[2026-04-17T00:33:35.262040+00:00] tecnofit-app.INFO: Endpoint accessed {"URI":"/openapi.json","Method":"GET"} []
[2026-04-17T00:33:35.416241+00:00] tecnofit-app.INFO: Response returned {"response":null} []
[2026-04-17T00:33:43.579684+00:00] tecnofit-app.INFO: Endpoint accessed {"URI":"/movements/1","Method":"GET"} []
[2026-04-17T00:34:17.739182+00:00] tecnofit-app.INFO: Endpoint accessed {"URI":"/","Method":"GET"} []
[2026-04-17T00:34:17.831496+00:00] tecnofit-app.INFO: Response returned {"response":null} []
[2026-04-17T00:34:18.597781+00:00] tecnofit-app.INFO: Endpoint accessed {"URI":"/openapi.json","Method":"GET"} []
[2026-04-17T00:34:18.666483+00:00] tecnofit-app.INFO: Response returned {"response":null} []
[2026-04-17T00:34:24.937770+00:00] tecnofit-app.INFO: Endpoint accessed {"URI":"/v1/movements/1","Method":"GET"} []
[2026-04-17T00:34:25.138503+00:00] tecnofit-app.INFO: Response returned {"response":"{\"status\":200,\"data\":[{\"name\":\"Jose\",\"highest_value\":190,\"position\":1,\"date\":\"2021-01-06 00:00:00\"},{\"name\":\"Joao\",\"highest_value\":180,\"position\":2,\"date\":\"2021-01-02 00:00:00\"},{\"name\":\"Paulo\",\"highest_value\":170,\"position\":3,\"date\":\"2021-01-01 00:00:00\"}]}"} []
[2026-04-17T00:34:40.606210+00:00] tecnofit-app.INFO: Endpoint accessed {"URI":"/v1/movements/deadlift","Method":"GET"} []
[2026-04-17T00:34:40.759434+00:00] tecnofit-app.INFO: Response returned {"response":"{\"status\":200,\"data\":[{\"name\":\"Jose\",\"highest_value\":190,\"position\":1,\"date\":\"2021-01-06 00:00:00\"},{\"name\":\"Joao\",\"highest_value\":180,\"position\":2,\"date\":\"2021-01-02 00:00:00\"},{\"name\":\"Paulo\",\"highest_value\":170,\"position\":3,\"date\":\"2021-01-01 00:00:00\"}]}"} []
[2026-04-17T00:36:14.613907+00:00] tecnofit-app.INFO: Endpoint accessed {"URI":"/","Method":"GET"} []
[2026-04-17T00:36:14.749764+00:00] tecnofit-app.INFO: Response returned {"response":null} []
[2026-04-17T00:36:17.313096+00:00] tecnofit-app.INFO: Endpoint accessed {"URI":"/openapi.json","Method":"GET"} []
[2026-04-17T00:36:17.455201+00:00] tecnofit-app.INFO: Response returned {"response":null} []
[2026-04-17T00:36:22.310054+00:00] tecnofit-app.INFO: Endpoint accessed {"URI":"/index.php","Method":"GET"} []
